<?xml version="1.0" encoding="UTF-8"?>
<!-- Generated by org.testng.reporters.JUnitReportReporter -->
<testsuite hostname="LAPTOP-B3TAV84I" failures="0" tests="3" name="org.run.Sample" time="7.704" errors="0" timestamp="03 Jun 2024 07:22:55 GMT" skipped="0">
  <testcase classname="org.run.Sample" name="signupPage" time="0.217"/>
  <testcase classname="org.run.Sample" name="signupEmail" time="0.559"/>
  <testcase classname="org.run.Sample" name="account" time="6.928"/>
</testsuite> <!-- org.run.Sample -->
