<?xml version="1.0" encoding="UTF-8"?>
<!-- Generated by org.testng.reporters.JUnitReportReporter -->
<testsuite hostname="LAPTOP-B3TAV84I" failures="0" tests="1" name="org.run.B" time="2.384" errors="0" timestamp="03 Jun 2024 09:21:13 GMT" skipped="0">
  <testcase classname="org.run.B" name="tc4" time="2.384"/>
</testsuite> <!-- org.run.B -->
